<?xml version="1.0" encoding="UTF-8"?>
<robot generator="Robot 6.1.1 (Python 3.10.11 on win32)" generated="20230809 14:15:11.974" rpa="false" schemaversion="4">
<suite id="s1" name="loginTest" source="C:\Projects\Robot-Framework\Tests\loginTest.robot">
<test id="s1-t1" name="PositiefLoginTest" line="15">
<kw name="Navigate to HomePage" library="homePageKeywords" type="SETUP">
<kw name="Open Browser" library="SeleniumLibrary">
<arg>${url}</arg>
<arg>${browser}</arg>
<doc>Opens a new browser instance to the optional ``url``.</doc>
<msg timestamp="20230809 14:15:12.168" level="INFO">Opening browser 'chrome' to base url 'https://webshop.mobiletestautomation.nl/'.</msg>
<status status="PASS" starttime="20230809 14:15:12.168" endtime="20230809 14:15:15.916"/>
</kw>
<kw name="Maximize Browser Window" library="SeleniumLibrary">
<doc>Maximizes current browser window.</doc>
<status status="PASS" starttime="20230809 14:15:15.917" endtime="20230809 14:15:16.029"/>
</kw>
<status status="PASS" starttime="20230809 14:15:12.168" endtime="20230809 14:15:16.029"/>
</kw>
<kw name="Log in" library="loginKeywords">
<kw name="Click Link" library="SeleniumLibrary">
<arg>${signinLink}</arg>
<doc>Clicks a link identified by ``locator``.</doc>
<msg timestamp="20230809 14:15:16.031" level="INFO">Clicking link 'css:a[title='Log in to your customer account']'.</msg>
<status status="PASS" starttime="20230809 14:15:16.030" endtime="20230809 14:15:16.251"/>
</kw>
<kw name="Input Text" library="SeleniumLibrary">
<arg>${emailInputField}</arg>
<arg>${username}</arg>
<doc>Types the given ``text`` into the text field identified by ``locator``.</doc>
<msg timestamp="20230809 14:15:16.251" level="INFO">Typing text 'dantester@jourrapide.com' into text field 'name=email'.</msg>
<status status="PASS" starttime="20230809 14:15:16.251" endtime="20230809 14:15:16.353"/>
</kw>
<kw name="Input Password" library="SeleniumLibrary">
<arg>${passwordInputField}</arg>
<arg>${Password}</arg>
<doc>Types the given password into the text field identified by ``locator``.</doc>
<msg timestamp="20230809 14:15:16.354" level="INFO">Typing password into text field 'name=password'.</msg>
<msg timestamp="20230809 14:15:16.387" level="INFO">Temporally setting log level to: NONE</msg>
<msg timestamp="20230809 14:15:16.438" level="INFO">Log level changed from NONE to INFO.</msg>
<status status="PASS" starttime="20230809 14:15:16.353" endtime="20230809 14:15:16.438"/>
</kw>
<kw name="Click Button" library="SeleniumLibrary">
<arg>${signinButton}</arg>
<doc>Clicks the button identified by ``locator``.</doc>
<msg timestamp="20230809 14:15:16.439" level="INFO">Clicking button 'id:submit-login'.</msg>
<status status="PASS" starttime="20230809 14:15:16.439" endtime="20230809 14:15:17.029"/>
</kw>
<status status="PASS" starttime="20230809 14:15:16.030" endtime="20230809 14:15:17.029"/>
</kw>
<kw name="Confirm user is sign in" library="loginKeywords">
<kw name="Page Should Contain" library="SeleniumLibrary">
<arg>Sign out</arg>
<doc>Verifies that current page contains ``text``.</doc>
<msg timestamp="20230809 14:15:17.046" level="INFO">Current page contains text 'Sign out'.</msg>
<status status="PASS" starttime="20230809 14:15:17.030" endtime="20230809 14:15:17.047"/>
</kw>
<status status="PASS" starttime="20230809 14:15:17.030" endtime="20230809 14:15:17.047"/>
</kw>
<kw name="Exit Browser" library="homePageKeywords" type="TEARDOWN">
<kw name="Close Browser" library="SeleniumLibrary">
<doc>Closes the current browser.</doc>
<status status="PASS" starttime="20230809 14:15:17.048" endtime="20230809 14:15:19.127"/>
</kw>
<status status="PASS" starttime="20230809 14:15:17.047" endtime="20230809 14:15:19.127"/>
</kw>
<status status="PASS" starttime="20230809 14:15:12.167" endtime="20230809 14:15:19.129"/>
</test>
<test id="s1-t2" name="Login to webshop and confirm user is logged in" line="20">
<kw name="Navigate to HomePage" library="homePageKeywords" type="SETUP">
<kw name="Open Browser" library="SeleniumLibrary">
<arg>${url}</arg>
<arg>${browser}</arg>
<doc>Opens a new browser instance to the optional ``url``.</doc>
<msg timestamp="20230809 14:15:19.131" level="INFO">Opening browser 'chrome' to base url 'https://webshop.mobiletestautomation.nl/'.</msg>
<status status="PASS" starttime="20230809 14:15:19.131" endtime="20230809 14:15:22.942"/>
</kw>
<kw name="Maximize Browser Window" library="SeleniumLibrary">
<doc>Maximizes current browser window.</doc>
<status status="PASS" starttime="20230809 14:15:22.942" endtime="20230809 14:15:23.066"/>
</kw>
<status status="PASS" starttime="20230809 14:15:19.131" endtime="20230809 14:15:23.067"/>
</kw>
<kw name="Click Link" library="SeleniumLibrary">
<arg>${signinLink}</arg>
<doc>Clicks a link identified by ``locator``.</doc>
<msg timestamp="20230809 14:15:23.068" level="INFO">Clicking link 'css:a[title='Log in to your customer account']'.</msg>
<status status="PASS" starttime="20230809 14:15:23.067" endtime="20230809 14:15:23.326"/>
</kw>
<kw name="Input Text" library="SeleniumLibrary">
<arg>${emailInputField}</arg>
<arg>${username}</arg>
<doc>Types the given ``text`` into the text field identified by ``locator``.</doc>
<msg timestamp="20230809 14:15:23.327" level="INFO">Typing text 'dantester@jourrapide.com' into text field 'name=email'.</msg>
<status status="PASS" starttime="20230809 14:15:23.326" endtime="20230809 14:15:23.430"/>
</kw>
<kw name="Input Password" library="SeleniumLibrary">
<arg>${passwordInputField}</arg>
<arg>${Password}</arg>
<doc>Types the given password into the text field identified by ``locator``.</doc>
<msg timestamp="20230809 14:15:23.431" level="INFO">Typing password into text field 'name=password'.</msg>
<msg timestamp="20230809 14:15:23.463" level="INFO">Temporally setting log level to: NONE</msg>
<msg timestamp="20230809 14:15:23.513" level="INFO">Log level changed from NONE to INFO.</msg>
<status status="PASS" starttime="20230809 14:15:23.430" endtime="20230809 14:15:23.513"/>
</kw>
<kw name="Click Button" library="SeleniumLibrary">
<arg>${signinButton}</arg>
<doc>Clicks the button identified by ``locator``.</doc>
<msg timestamp="20230809 14:15:23.514" level="INFO">Clicking button 'id:submit-login'.</msg>
<status status="PASS" starttime="20230809 14:15:23.514" endtime="20230809 14:15:24.009"/>
</kw>
<kw name="Exit Browser" library="homePageKeywords" type="TEARDOWN">
<kw name="Close Browser" library="SeleniumLibrary">
<doc>Closes the current browser.</doc>
<status status="PASS" starttime="20230809 14:15:24.010" endtime="20230809 14:15:26.084"/>
</kw>
<status status="PASS" starttime="20230809 14:15:24.010" endtime="20230809 14:15:26.085"/>
</kw>
<status status="PASS" starttime="20230809 14:15:19.130" endtime="20230809 14:15:26.086"/>
</test>
<status status="PASS" starttime="20230809 14:15:11.976" endtime="20230809 14:15:26.089"/>
</suite>
<statistics>
<total>
<stat pass="2" fail="0" skip="0">All Tests</stat>
</total>
<tag>
</tag>
<suite>
<stat pass="2" fail="0" skip="0" id="s1" name="loginTest">loginTest</stat>
</suite>
</statistics>
<errors>
</errors>
</robot>
