<?xml version="1.0" encoding="UTF-8"?>
<robot generator="Robot 6.0.2 (Python 3.11.0 on win32)" generated="20230314 13:45:39.350" rpa="false" schemaversion="3">
<suite id="s1" name="Robot-Framework" source="C:\Users\MuratOzben\Documents\Robot-Framework\Robot-Framework">
<suite id="s1-s1" name="Tests" source="C:\Users\MuratOzben\Documents\Robot-Framework\Robot-Framework\Tests">
<suite id="s1-s1-s1" name="LoginTest" source="C:\Users\MuratOzben\Documents\Robot-Framework\Robot-Framework\Tests\LoginTest.robot">
<test id="s1-s1-s1-t1" name="PositiefLoginTest" line="8">
<kw name="Navigate to HomePage" library="loginKeywords">
<kw name="Open Browser" library="SeleniumLibrary">
<arg>${url}</arg>
<arg>${browser}</arg>
<doc>Opens a new browser instance to the optional ``url``.</doc>
<msg timestamp="20230314 13:45:39.500" level="INFO">Opening browser 'chrome' to base url 'https://webshop.mobiletestautomation.nl/'.</msg>
<status status="PASS" starttime="20230314 13:45:39.499" endtime="20230314 13:45:41.371"/>
</kw>
<kw name="Maximize Browser Window" library="SeleniumLibrary">
<doc>Maximizes current browser window.</doc>
<status status="PASS" starttime="20230314 13:45:41.371" endtime="20230314 13:45:41.493"/>
</kw>
<status status="PASS" starttime="20230314 13:45:39.499" endtime="20230314 13:45:41.494"/>
</kw>
<kw name="Log in" library="loginKeywords">
<kw name="Click Link" library="SeleniumLibrary">
<arg>xpath=//*[@id="_desktop_user_info"]/div/a</arg>
<doc>Clicks a link identified by ``locator``.</doc>
<msg timestamp="20230314 13:45:41.498" level="INFO">Clicking link 'xpath=//*[@id="_desktop_user_info"]/div/a'.</msg>
<status status="PASS" starttime="20230314 13:45:41.497" endtime="20230314 13:45:41.875"/>
</kw>
<kw name="Input Text" library="SeleniumLibrary">
<arg>name=email</arg>
<arg>${username}</arg>
<doc>Types the given ``text`` into the text field identified by ``locator``.</doc>
<msg timestamp="20230314 13:45:41.875" level="INFO">Typing text 'dantester@jourrapide.com' into text field 'name=email'.</msg>
<status status="PASS" starttime="20230314 13:45:41.875" endtime="20230314 13:45:41.948"/>
</kw>
<kw name="Input Password" library="SeleniumLibrary">
<arg>name=password</arg>
<arg>${Password}</arg>
<doc>Types the given password into the text field identified by ``locator``.</doc>
<msg timestamp="20230314 13:45:41.949" level="INFO">Typing password into text field 'name=password'.</msg>
<msg timestamp="20230314 13:45:41.982" level="INFO">Temporally setting log level to: NONE</msg>
<msg timestamp="20230314 13:45:42.017" level="INFO">Log level changed from NONE to INFO.</msg>
<status status="PASS" starttime="20230314 13:45:41.949" endtime="20230314 13:45:42.017"/>
</kw>
<kw name="Click Button" library="SeleniumLibrary">
<arg>id=submit-login</arg>
<doc>Clicks the button identified by ``locator``.</doc>
<msg timestamp="20230314 13:45:42.018" level="INFO">Clicking button 'id=submit-login'.</msg>
<status status="PASS" starttime="20230314 13:45:42.017" endtime="20230314 13:45:42.985"/>
</kw>
<status status="PASS" starttime="20230314 13:45:41.495" endtime="20230314 13:45:42.986"/>
</kw>
<kw name="Exit Browser" library="loginKeywords">
<kw name="Close Browser" library="SeleniumLibrary">
<doc>Closes the current browser.</doc>
<status status="PASS" starttime="20230314 13:45:42.987" endtime="20230314 13:45:45.077"/>
</kw>
<status status="PASS" starttime="20230314 13:45:42.986" endtime="20230314 13:45:45.078"/>
</kw>
<status status="PASS" starttime="20230314 13:45:39.498" endtime="20230314 13:45:45.078"/>
</test>
<status status="PASS" starttime="20230314 13:45:39.373" endtime="20230314 13:45:45.080"/>
</suite>
<status status="PASS" starttime="20230314 13:45:39.369" endtime="20230314 13:45:45.083"/>
</suite>
<status status="PASS" starttime="20230314 13:45:39.353" endtime="20230314 13:45:45.085"/>
</suite>
<statistics>
<total>
<stat pass="1" fail="0" skip="0">All Tests</stat>
</total>
<tag>
</tag>
<suite>
<stat pass="1" fail="0" skip="0" id="s1" name="Robot-Framework">Robot-Framework</stat>
<stat pass="1" fail="0" skip="0" id="s1-s1" name="Tests">Robot-Framework.Tests</stat>
<stat pass="1" fail="0" skip="0" id="s1-s1-s1" name="LoginTest">Robot-Framework.Tests.LoginTest</stat>
</suite>
</statistics>
<errors>
</errors>
</robot>
